<?xml version="1.0" encoding="UTF-8"?>
<!-- Generated by org.testng.reporters.JUnitReportReporter -->
<testsuite hostname="DESKTOP-B8R4OMO" failures="0" tests="1" name="com.qa.testscripts.EbaySearchProduct" time="34.854" errors="0" timestamp="2023-02-13T13:47:00 IST" skipped="0">
  <testcase classname="com.qa.testscripts.EbaySearchProduct" name="testcase_001" time="34.854"/>
  <system-out/>
</testsuite> <!-- com.qa.testscripts.EbaySearchProduct -->
